<?xml version="1.0" encoding="UTF-8"?>
<!-- Generated by org.testng.reporters.JUnitXMLReporter -->
<testsuite ignored="0" hostname="DESKTOP-TD77G35" failures="2" tests="3" name="Test" time="38.462" errors="0" timestamp="2023-03-02T01:20:19 IST">
  <testcase classname="Com.ANZ.TESTpackage.TC01_VerifyBorrowingEstimateAmount" name="VerifyBorrowingEstimateAmount" time="7.308">
    <failure type="java.lang.AssertionError" message="expected [$479,000] but found [$428,000]">
      <![CDATA[java.lang.AssertionError: expected [$479,000] but found [$428,000]
at Com.ANZ.TESTpackage.TC01_VerifyBorrowingEstimateAmount.VerifyBorrowingEstimateAmount(TC01_VerifyBorrowingEstimateAmount.java:35)
at java.base/java.util.concurrent.ThreadPoolExecutor.runWorker(ThreadPoolExecutor.java:1136)
at java.base/java.util.concurrent.ThreadPoolExecutor$Worker.run(ThreadPoolExecutor.java:635)
at java.base/java.lang.Thread.run(Thread.java:833)
... Removed 18 stack frames]]>
    </failure>
  </testcase> <!-- VerifyBorrowingEstimateAmount -->
  <testcase classname="Com.ANZ.TESTpackage.TC02_VerifyStartOverButtonClearTheForm" name="VerifyStartOverButtonClearTheForm" time="9.305"/>
  <testcase classname="Com.ANZ.TESTpackage.TC03_VerifyWorkOutHowMuchCouldBorrow" name="VerifyWorkOutHowMuchCouldBorrow" time="0.638">
    <failure type="java.lang.AssertionError" message="expected [Based on the details you&amp;apos;ve entered, we&amp;apos;re unable to give you an estimate of your borrowing power with this calculator. For questions, call us on 1800 100 641.] but found [Based on the details you&amp;apos;ve entered, we&amp;apos;re unable to give you an estimate of your borrowing power with this calculator. For questions, call us on 1800 035 500.]">
      <![CDATA[java.lang.AssertionError: expected [Based on the details you've entered, we're unable to give you an estimate of your borrowing power with this calculator. For questions, call us on 1800 100 641.] but found [Based on the details you've entered, we're unable to give you an estimate of your borrowing power with this calculator. For questions, call us on 1800 035 500.]
at Com.ANZ.TESTpackage.TC03_VerifyWorkOutHowMuchCouldBorrow.VerifyWorkOutHowMuchCouldBorrow(TC03_VerifyWorkOutHowMuchCouldBorrow.java:27)
at java.base/java.util.concurrent.ThreadPoolExecutor.runWorker(ThreadPoolExecutor.java:1136)
at java.base/java.util.concurrent.ThreadPoolExecutor$Worker.run(ThreadPoolExecutor.java:635)
at java.base/java.lang.Thread.run(Thread.java:833)
... Removed 18 stack frames]]>
    </failure>
  </testcase> <!-- VerifyWorkOutHowMuchCouldBorrow -->
</testsuite> <!-- Test -->
